22-09-10 14:17:15.094 : None
22-09-10 14:19:25.261 : None
22-09-10 14:20:31.842 : None
22-09-10 14:21:34.584 : None
22-09-10 14:24:52.748 : None
22-09-10 14:25:41.656 : None
22-09-10 14:38:06.655 : /workspace/static/MuLUT-PreRelease/models/sr_x2sdy | Iter:   100, Sample: 32000, GPixel:2.85e-03, dT:0.0209, rT:7.0860
22-09-10 14:50:25.795 : /workspace/static/MuLUT-PreRelease/models/sr_x2sdy | Iter:   200, Sample: 64000, GPixel:2.87e-03, dT:0.0153, rT:7.1213
22-09-10 15:02:42.154 : /workspace/static/MuLUT-PreRelease/models/sr_x2sdy | Iter:   300, Sample: 96000, GPixel:2.81e-03, dT:0.0151, rT:7.0983
22-09-10 15:15:07.247 : /workspace/static/MuLUT-PreRelease/models/sr_x2sdy | Iter:   400, Sample:128000, GPixel:2.83e-03, dT:0.0151, rT:7.1783
22-09-10 15:27:31.899 : /workspace/static/MuLUT-PreRelease/models/sr_x2sdy | Iter:   500, Sample:160000, GPixel:2.82e-03, dT:0.0151, rT:7.1769
22-09-10 15:39:43.436 : /workspace/static/MuLUT-PreRelease/models/sr_x2sdy | Iter:   600, Sample:192000, GPixel:2.82e-03, dT:0.0151, rT:7.0511
22-09-10 15:51:50.462 : /workspace/static/MuLUT-PreRelease/models/sr_x2sdy | Iter:   700, Sample:224000, GPixel:2.85e-03, dT:0.0151, rT:7.0052
22-09-10 16:04:02.717 : /workspace/static/MuLUT-PreRelease/models/sr_x2sdy | Iter:   800, Sample:256000, GPixel:2.85e-03, dT:0.0152, rT:7.0571
22-09-10 16:16:11.871 : /workspace/static/MuLUT-PreRelease/models/sr_x2sdy | Iter:   900, Sample:288000, GPixel:2.82e-03, dT:0.0152, rT:7.0247
22-09-10 16:28:18.994 : /workspace/static/MuLUT-PreRelease/models/sr_x2sdy | Iter:  1000, Sample:320000, GPixel:2.83e-03, dT:0.0152, rT:7.0075
22-09-10 16:40:31.569 : /workspace/static/MuLUT-PreRelease/models/sr_x2sdy | Iter:  1100, Sample:352000, GPixel:2.82e-03, dT:0.0151, rT:7.0559
22-09-10 16:52:39.189 : /workspace/static/MuLUT-PreRelease/models/sr_x2sdy | Iter:  1200, Sample:384000, GPixel:2.82e-03, dT:0.0151, rT:7.0113
22-09-10 17:04:50.167 : /workspace/static/MuLUT-PreRelease/models/sr_x2sdy | Iter:  1300, Sample:416000, GPixel:2.87e-03, dT:0.0150, rT:7.0445
22-09-10 17:17:00.457 : /workspace/static/MuLUT-PreRelease/models/sr_x2sdy | Iter:  1400, Sample:448000, GPixel:2.86e-03, dT:0.0149, rT:7.0370
22-09-10 17:29:05.689 : /workspace/static/MuLUT-PreRelease/models/sr_x2sdy | Iter:  1500, Sample:480000, GPixel:2.87e-03, dT:0.0151, rT:6.9864
22-09-10 17:41:17.668 : /workspace/static/MuLUT-PreRelease/models/sr_x2sdy | Iter:  1600, Sample:512000, GPixel:2.83e-03, dT:0.0150, rT:7.0522
22-09-10 17:53:22.180 : /workspace/static/MuLUT-PreRelease/models/sr_x2sdy | Iter:  1700, Sample:544000, GPixel:2.84e-03, dT:0.0150, rT:6.9814
22-09-10 18:05:30.903 : /workspace/static/MuLUT-PreRelease/models/sr_x2sdy | Iter:  1800, Sample:576000, GPixel:2.85e-03, dT:0.0150, rT:7.0202
22-09-10 18:17:40.748 : /workspace/static/MuLUT-PreRelease/models/sr_x2sdy | Iter:  1900, Sample:608000, GPixel:2.84e-03, dT:0.0151, rT:7.0308
22-09-10 18:29:44.841 : /workspace/static/MuLUT-PreRelease/models/sr_x2sdy | Iter:  2000, Sample:640000, GPixel:2.84e-03, dT:0.0150, rT:6.9771
22-09-10 20:54:04.939 : None
22-09-10 21:06:27.891 : /workspace/static/MuLUT-PreRelease/models/sr_x2sdy | Iter:   100, Sample: 32000, GPixel:2.87e-03, dT:0.0209, rT:7.0630
22-09-10 21:18:48.521 : /workspace/static/MuLUT-PreRelease/models/sr_x2sdy | Iter:   200, Sample: 64000, GPixel:2.82e-03, dT:0.0153, rT:7.1354
22-09-10 21:30:59.488 : /workspace/static/MuLUT-PreRelease/models/sr_x2sdy | Iter:   300, Sample: 96000, GPixel:2.86e-03, dT:0.0153, rT:7.0443
22-09-10 21:43:11.480 : /workspace/static/MuLUT-PreRelease/models/sr_x2sdy | Iter:   400, Sample:128000, GPixel:2.84e-03, dT:0.0152, rT:7.0559
22-09-10 21:55:33.494 : /workspace/static/MuLUT-PreRelease/models/sr_x2sdy | Iter:   500, Sample:160000, GPixel:2.83e-03, dT:0.0152, rT:7.1468
22-09-10 22:07:33.162 : /workspace/static/MuLUT-PreRelease/models/sr_x2sdy | Iter:   600, Sample:192000, GPixel:2.84e-03, dT:0.0153, rT:6.9340
22-09-10 22:19:53.113 : /workspace/static/MuLUT-PreRelease/models/sr_x2sdy | Iter:   700, Sample:224000, GPixel:2.82e-03, dT:0.0151, rT:7.1298
22-09-10 22:32:08.158 : /workspace/static/MuLUT-PreRelease/models/sr_x2sdy | Iter:   800, Sample:256000, GPixel:2.81e-03, dT:0.0152, rT:7.0809
22-09-10 22:44:29.373 : /workspace/static/MuLUT-PreRelease/models/sr_x2sdy | Iter:   900, Sample:288000, GPixel:2.82e-03, dT:0.0153, rT:7.1412
22-09-10 22:56:56.784 : /workspace/static/MuLUT-PreRelease/models/sr_x2sdy | Iter:  1000, Sample:320000, GPixel:2.85e-03, dT:0.0153, rT:7.1994
22-09-10 23:08:59.333 : /workspace/static/MuLUT-PreRelease/models/sr_x2sdy | Iter:  1100, Sample:352000, GPixel:2.84e-03, dT:0.0150, rT:6.9630
22-09-10 23:21:14.332 : /workspace/static/MuLUT-PreRelease/models/sr_x2sdy | Iter:  1200, Sample:384000, GPixel:2.83e-03, dT:0.0151, rT:7.0831
22-09-10 23:33:28.696 : /workspace/static/MuLUT-PreRelease/models/sr_x2sdy | Iter:  1300, Sample:416000, GPixel:2.86e-03, dT:0.0151, rT:7.0749
22-09-10 23:45:38.726 : /workspace/static/MuLUT-PreRelease/models/sr_x2sdy | Iter:  1400, Sample:448000, GPixel:2.81e-03, dT:0.0151, rT:7.0326
22-09-10 23:57:47.228 : /workspace/static/MuLUT-PreRelease/models/sr_x2sdy | Iter:  1500, Sample:480000, GPixel:2.85e-03, dT:0.0152, rT:7.0193
22-09-11 00:10:01.911 : /workspace/static/MuLUT-PreRelease/models/sr_x2sdy | Iter:  1600, Sample:512000, GPixel:2.84e-03, dT:0.0149, rT:7.0775
22-09-11 00:22:04.769 : /workspace/static/MuLUT-PreRelease/models/sr_x2sdy | Iter:  1700, Sample:544000, GPixel:2.85e-03, dT:0.0150, rT:6.9660
22-09-11 00:34:16.962 : /workspace/static/MuLUT-PreRelease/models/sr_x2sdy | Iter:  1800, Sample:576000, GPixel:2.82e-03, dT:0.0150, rT:7.0511
22-09-11 00:46:27.355 : /workspace/static/MuLUT-PreRelease/models/sr_x2sdy | Iter:  1900, Sample:608000, GPixel:2.81e-03, dT:0.0150, rT:7.0370
22-09-11 00:58:46.045 : /workspace/static/MuLUT-PreRelease/models/sr_x2sdy | Iter:  2000, Sample:640000, GPixel:2.80e-03, dT:0.0150, rT:7.1151
22-09-11 00:58:47.914 : Iter 2000 | Dataset Set5 | AVG PSNR: 30.60, AVG: SSIM: 0.8651
22-09-11 00:58:54.512 : Iter 2000 | Dataset Set14 | AVG PSNR: 27.60, AVG: SSIM: 0.7540
22-09-11 00:59:35.229 : Iter 2000 | Dataset B100 | AVG PSNR: 26.86, AVG: SSIM: 0.7108
22-09-11 01:01:12.215 : Iter 2000 | Dataset Urban100 | AVG PSNR: 24.45, AVG: SSIM: 0.7192
22-09-11 01:03:15.141 : Iter 2000 | Dataset Manga109 | AVG PSNR: 27.91, AVG: SSIM: 0.8632
22-09-11 01:15:27.177 : /workspace/static/MuLUT-PreRelease/models/sr_x2sdy | Iter:  2100, Sample:672000, GPixel:2.81e-03, dT:0.0150, rT:7.0476
22-09-11 01:27:41.033 : /workspace/static/MuLUT-PreRelease/models/sr_x2sdy | Iter:  2200, Sample:704000, GPixel:2.83e-03, dT:0.0150, rT:7.0642
22-09-11 01:39:52.682 : /workspace/static/MuLUT-PreRelease/models/sr_x2sdy | Iter:  2300, Sample:736000, GPixel:2.85e-03, dT:0.0152, rT:7.0473
22-09-11 01:51:57.066 : /workspace/static/MuLUT-PreRelease/models/sr_x2sdy | Iter:  2400, Sample:768000, GPixel:2.80e-03, dT:0.0150, rT:6.9793
22-09-11 02:03:55.358 : /workspace/static/MuLUT-PreRelease/models/sr_x2sdy | Iter:  2500, Sample:800000, GPixel:2.82e-03, dT:0.0151, rT:6.9227
22-09-11 02:16:05.026 : /workspace/static/MuLUT-PreRelease/models/sr_x2sdy | Iter:  2600, Sample:832000, GPixel:2.88e-03, dT:0.0150, rT:7.0313
22-09-11 02:28:21.494 : /workspace/static/MuLUT-PreRelease/models/sr_x2sdy | Iter:  2700, Sample:864000, GPixel:2.84e-03, dT:0.0151, rT:7.0937
22-09-11 02:40:18.073 : /workspace/static/MuLUT-PreRelease/models/sr_x2sdy | Iter:  2800, Sample:896000, GPixel:2.82e-03, dT:0.0152, rT:6.9029
22-09-11 02:52:21.853 : /workspace/static/MuLUT-PreRelease/models/sr_x2sdy | Iter:  2900, Sample:928000, GPixel:2.81e-03, dT:0.0150, rT:6.9724
22-09-11 03:04:29.162 : /workspace/static/MuLUT-PreRelease/models/sr_x2sdy | Iter:  3000, Sample:960000, GPixel:2.83e-03, dT:0.0150, rT:7.0061
22-09-11 03:16:38.164 : /workspace/static/MuLUT-PreRelease/models/sr_x2sdy | Iter:  3100, Sample:992000, GPixel:2.83e-03, dT:0.0151, rT:7.0226
22-09-11 03:28:40.667 : /workspace/static/MuLUT-PreRelease/models/sr_x2sdy | Iter:  3200, Sample:1024000, GPixel:2.84e-03, dT:0.0150, rT:6.9609
22-09-11 03:40:47.417 : /workspace/static/MuLUT-PreRelease/models/sr_x2sdy | Iter:  3300, Sample:1056000, GPixel:2.84e-03, dT:0.0151, rT:6.9982
22-09-11 03:52:58.389 : /workspace/static/MuLUT-PreRelease/models/sr_x2sdy | Iter:  3400, Sample:1088000, GPixel:2.81e-03, dT:0.0151, rT:7.0419
22-09-11 04:05:09.812 : /workspace/static/MuLUT-PreRelease/models/sr_x2sdy | Iter:  3500, Sample:1120000, GPixel:2.83e-03, dT:0.0151, rT:7.0451
22-09-11 04:17:21.132 : /workspace/static/MuLUT-PreRelease/models/sr_x2sdy | Iter:  3600, Sample:1152000, GPixel:2.87e-03, dT:0.0150, rT:7.0438
22-09-11 04:29:40.196 : /workspace/static/MuLUT-PreRelease/models/sr_x2sdy | Iter:  3700, Sample:1184000, GPixel:2.83e-03, dT:0.0150, rT:7.1168
22-09-11 04:41:51.020 : /workspace/static/MuLUT-PreRelease/models/sr_x2sdy | Iter:  3800, Sample:1216000, GPixel:2.80e-03, dT:0.0152, rT:7.0378
22-09-11 04:53:59.305 : /workspace/static/MuLUT-PreRelease/models/sr_x2sdy | Iter:  3900, Sample:1248000, GPixel:2.82e-03, dT:0.0150, rT:7.0137
22-09-11 05:06:01.573 : /workspace/static/MuLUT-PreRelease/models/sr_x2sdy | Iter:  4000, Sample:1280000, GPixel:2.81e-03, dT:0.0151, rT:6.9597
22-09-11 05:06:03.433 : Iter 4000 | Dataset Set5 | AVG PSNR: 30.60, AVG: SSIM: 0.8650
22-09-11 05:06:10.017 : Iter 4000 | Dataset Set14 | AVG PSNR: 27.60, AVG: SSIM: 0.7541
22-09-11 05:06:50.457 : Iter 4000 | Dataset B100 | AVG PSNR: 26.86, AVG: SSIM: 0.7109
22-09-11 05:08:27.144 : Iter 4000 | Dataset Urban100 | AVG PSNR: 24.46, AVG: SSIM: 0.7193
22-09-11 05:10:29.485 : Iter 4000 | Dataset Manga109 | AVG PSNR: 27.91, AVG: SSIM: 0.8632
22-09-11 21:21:20.907 : None
22-09-11 21:23:33.188 : None
22-09-11 21:23:52.031 : Iter 1 | Dataset Set5 | AVG PSNR: 30.52, AVG: SSIM: 0.8639
22-09-11 21:23:58.620 : Iter 1 | Dataset Set14 | AVG PSNR: 27.54, AVG: SSIM: 0.7530
22-09-11 21:24:38.962 : Iter 1 | Dataset B100 | AVG PSNR: 26.83, AVG: SSIM: 0.7105
22-09-11 21:26:15.693 : Iter 1 | Dataset Urban100 | AVG PSNR: 24.40, AVG: SSIM: 0.7171
22-09-11 21:28:17.988 : Iter 1 | Dataset Manga109 | AVG PSNR: 27.80, AVG: SSIM: 0.8608
22-09-11 21:40:30.152 : /workspace/static/MuLUT-PreRelease/models/sr_x2sdy | Iter:   100, Sample: 32000, GPixel:2.87e-03, dT:0.0211, rT:7.1264
22-09-11 21:52:48.887 : /workspace/static/MuLUT-PreRelease/models/sr_x2sdy | Iter:   200, Sample: 64000, GPixel:2.83e-03, dT:0.0153, rT:7.1182
22-09-11 22:05:13.984 : /workspace/static/MuLUT-PreRelease/models/sr_x2sdy | Iter:   300, Sample: 96000, GPixel:2.78e-03, dT:0.0151, rT:7.1789
22-09-11 22:17:37.570 : /workspace/static/MuLUT-PreRelease/models/sr_x2sdy | Iter:   400, Sample:128000, GPixel:2.85e-03, dT:0.0152, rT:7.1620
22-09-11 22:29:57.880 : /workspace/static/MuLUT-PreRelease/models/sr_x2sdy | Iter:   500, Sample:160000, GPixel:2.81e-03, dT:0.0151, rT:7.1332
22-09-11 22:42:06.129 : /workspace/static/MuLUT-PreRelease/models/sr_x2sdy | Iter:   600, Sample:192000, GPixel:2.79e-03, dT:0.0152, rT:7.0173
22-09-11 22:54:23.238 : /workspace/static/MuLUT-PreRelease/models/sr_x2sdy | Iter:   700, Sample:224000, GPixel:2.82e-03, dT:0.0151, rT:7.1027
22-09-11 23:06:30.522 : /workspace/static/MuLUT-PreRelease/models/sr_x2sdy | Iter:   800, Sample:256000, GPixel:2.82e-03, dT:0.0150, rT:7.0059
22-09-11 23:18:44.976 : /workspace/static/MuLUT-PreRelease/models/sr_x2sdy | Iter:   900, Sample:288000, GPixel:2.81e-03, dT:0.0152, rT:7.0798
22-09-11 23:30:47.315 : /workspace/static/MuLUT-PreRelease/models/sr_x2sdy | Iter:  1000, Sample:320000, GPixel:2.83e-03, dT:0.0150, rT:6.9595
22-09-11 23:42:52.536 : /workspace/static/MuLUT-PreRelease/models/sr_x2sdy | Iter:  1100, Sample:352000, GPixel:2.83e-03, dT:0.0152, rT:6.9867
22-09-11 23:55:03.457 : /workspace/static/MuLUT-PreRelease/models/sr_x2sdy | Iter:  1200, Sample:384000, GPixel:2.81e-03, dT:0.0150, rT:7.0430
22-09-12 00:07:27.814 : /workspace/static/MuLUT-PreRelease/models/sr_x2sdy | Iter:  1300, Sample:416000, GPixel:2.85e-03, dT:0.0149, rT:7.1693
22-09-12 00:19:44.483 : /workspace/static/MuLUT-PreRelease/models/sr_x2sdy | Iter:  1400, Sample:448000, GPixel:2.80e-03, dT:0.0150, rT:7.0977
22-09-12 00:32:02.142 : /workspace/static/MuLUT-PreRelease/models/sr_x2sdy | Iter:  1500, Sample:480000, GPixel:2.81e-03, dT:0.0151, rT:7.1039
22-09-12 00:44:13.663 : /workspace/static/MuLUT-PreRelease/models/sr_x2sdy | Iter:  1600, Sample:512000, GPixel:2.83e-03, dT:0.0152, rT:7.0482
22-09-12 00:56:18.128 : /workspace/static/MuLUT-PreRelease/models/sr_x2sdy | Iter:  1700, Sample:544000, GPixel:2.85e-03, dT:0.0149, rT:6.9820
22-09-12 01:08:25.362 : /workspace/static/MuLUT-PreRelease/models/sr_x2sdy | Iter:  1800, Sample:576000, GPixel:2.85e-03, dT:0.0150, rT:7.0070
22-09-12 01:20:41.501 : /workspace/static/MuLUT-PreRelease/models/sr_x2sdy | Iter:  1900, Sample:608000, GPixel:2.84e-03, dT:0.0149, rT:7.0888
22-09-12 01:32:53.302 : /workspace/static/MuLUT-PreRelease/models/sr_x2sdy | Iter:  2000, Sample:640000, GPixel:2.84e-03, dT:0.0148, rT:7.0507
22-09-12 01:32:55.137 : Iter 2000 | Dataset Set5 | AVG PSNR: 30.60, AVG: SSIM: 0.8652
22-09-12 01:33:01.703 : Iter 2000 | Dataset Set14 | AVG PSNR: 27.60, AVG: SSIM: 0.7540
22-09-12 01:33:42.544 : Iter 2000 | Dataset B100 | AVG PSNR: 26.86, AVG: SSIM: 0.7107
22-09-12 01:35:19.595 : Iter 2000 | Dataset Urban100 | AVG PSNR: 24.45, AVG: SSIM: 0.7191
22-09-12 01:37:22.631 : Iter 2000 | Dataset Manga109 | AVG PSNR: 27.91, AVG: SSIM: 0.8632
22-09-12 01:49:30.738 : /workspace/static/MuLUT-PreRelease/models/sr_x2sdy | Iter:  2100, Sample:672000, GPixel:2.85e-03, dT:0.0149, rT:7.0106
22-09-12 02:01:47.158 : /workspace/static/MuLUT-PreRelease/models/sr_x2sdy | Iter:  2200, Sample:704000, GPixel:2.87e-03, dT:0.0150, rT:7.0904
22-09-12 02:13:53.749 : /workspace/static/MuLUT-PreRelease/models/sr_x2sdy | Iter:  2300, Sample:736000, GPixel:2.86e-03, dT:0.0151, rT:6.9987
22-09-12 02:26:05.391 : /workspace/static/MuLUT-PreRelease/models/sr_x2sdy | Iter:  2400, Sample:768000, GPixel:2.83e-03, dT:0.0150, rT:7.0498
22-09-12 02:38:06.597 : /workspace/static/MuLUT-PreRelease/models/sr_x2sdy | Iter:  2500, Sample:800000, GPixel:2.85e-03, dT:0.0151, rT:6.9451
22-09-12 02:50:10.963 : /workspace/static/MuLUT-PreRelease/models/sr_x2sdy | Iter:  2600, Sample:832000, GPixel:2.85e-03, dT:0.0150, rT:6.9777
22-09-12 03:02:31.567 : /workspace/static/MuLUT-PreRelease/models/sr_x2sdy | Iter:  2700, Sample:864000, GPixel:2.82e-03, dT:0.0149, rT:7.1341
22-09-12 03:14:32.641 : /workspace/static/MuLUT-PreRelease/models/sr_x2sdy | Iter:  2800, Sample:896000, GPixel:2.82e-03, dT:0.0150, rT:6.9464
22-09-12 03:26:43.382 : /workspace/static/MuLUT-PreRelease/models/sr_x2sdy | Iter:  2900, Sample:928000, GPixel:2.79e-03, dT:0.0150, rT:7.0393
22-09-12 03:39:03.368 : /workspace/static/MuLUT-PreRelease/models/sr_x2sdy | Iter:  3000, Sample:960000, GPixel:2.85e-03, dT:0.0151, rT:7.1262
22-09-12 03:51:12.471 : /workspace/static/MuLUT-PreRelease/models/sr_x2sdy | Iter:  3100, Sample:992000, GPixel:2.83e-03, dT:0.0150, rT:7.0242
22-09-12 04:03:27.938 : /workspace/static/MuLUT-PreRelease/models/sr_x2sdy | Iter:  3200, Sample:1024000, GPixel:2.80e-03, dT:0.0150, rT:7.0803
22-09-12 04:15:29.039 : /workspace/static/MuLUT-PreRelease/models/sr_x2sdy | Iter:  3300, Sample:1056000, GPixel:2.80e-03, dT:0.0151, rT:6.9477
22-09-12 04:27:40.282 : /workspace/static/MuLUT-PreRelease/models/sr_x2sdy | Iter:  3400, Sample:1088000, GPixel:2.90e-03, dT:0.0150, rT:7.0433
22-09-12 04:39:44.810 : /workspace/static/MuLUT-PreRelease/models/sr_x2sdy | Iter:  3500, Sample:1120000, GPixel:2.82e-03, dT:0.0150, rT:6.9784
22-09-12 04:51:50.679 : /workspace/static/MuLUT-PreRelease/models/sr_x2sdy | Iter:  3600, Sample:1152000, GPixel:2.85e-03, dT:0.0150, rT:6.9924
22-09-12 05:03:52.732 : /workspace/static/MuLUT-PreRelease/models/sr_x2sdy | Iter:  3700, Sample:1184000, GPixel:2.83e-03, dT:0.0151, rT:6.9565
22-09-12 05:15:57.171 : /workspace/static/MuLUT-PreRelease/models/sr_x2sdy | Iter:  3800, Sample:1216000, GPixel:2.82e-03, dT:0.0151, rT:6.9781
22-09-12 05:28:05.393 : /workspace/static/MuLUT-PreRelease/models/sr_x2sdy | Iter:  3900, Sample:1248000, GPixel:2.83e-03, dT:0.0150, rT:7.0152
22-09-12 05:40:02.185 : /workspace/static/MuLUT-PreRelease/models/sr_x2sdy | Iter:  4000, Sample:1280000, GPixel:2.86e-03, dT:0.0151, rT:6.9081
22-09-12 05:40:04.045 : Iter 4000 | Dataset Set5 | AVG PSNR: 30.60, AVG: SSIM: 0.8653
22-09-12 05:40:10.559 : Iter 4000 | Dataset Set14 | AVG PSNR: 27.60, AVG: SSIM: 0.7543
22-09-12 05:40:51.175 : Iter 4000 | Dataset B100 | AVG PSNR: 26.86, AVG: SSIM: 0.7111
22-09-12 05:42:27.837 : Iter 4000 | Dataset Urban100 | AVG PSNR: 24.46, AVG: SSIM: 0.7194
22-09-12 05:44:30.514 : Iter 4000 | Dataset Manga109 | AVG PSNR: 27.91, AVG: SSIM: 0.8635
22-09-12 05:44:30.525 : Complete
22-09-12 10:34:14.046 : None
22-09-12 10:34:33.974 : Iter 1 | Dataset Set5 | AVG PSNR: 30.52, AVG: SSIM: 0.8639
22-09-12 10:34:40.434 : Iter 1 | Dataset Set14 | AVG PSNR: 27.54, AVG: SSIM: 0.7530
22-09-12 10:35:20.826 : Iter 1 | Dataset B100 | AVG PSNR: 26.83, AVG: SSIM: 0.7105
22-09-12 10:36:57.105 : Iter 1 | Dataset Urban100 | AVG PSNR: 24.40, AVG: SSIM: 0.7171
22-09-12 10:38:59.955 : Iter 1 | Dataset Manga109 | AVG PSNR: 27.80, AVG: SSIM: 0.8608
22-09-12 10:51:11.948 : /workspace/static/MuLUT-PreRelease/models/sr_x2sdy | Iter:   100, Sample: 32000, GPixel:2.84e-03, dT:0.0213, rT:7.1358
22-09-12 11:03:26.818 : /workspace/static/MuLUT-PreRelease/models/sr_x2sdy | Iter:   200, Sample: 64000, GPixel:2.85e-03, dT:0.0151, rT:7.0782
22-09-12 11:15:49.436 : /workspace/static/MuLUT-PreRelease/models/sr_x2sdy | Iter:   300, Sample: 96000, GPixel:2.84e-03, dT:0.0152, rT:7.1550
22-09-12 11:28:06.398 : /workspace/static/MuLUT-PreRelease/models/sr_x2sdy | Iter:   400, Sample:128000, GPixel:2.85e-03, dT:0.0152, rT:7.0980
22-09-12 11:40:35.972 : /workspace/static/MuLUT-PreRelease/models/sr_x2sdy | Iter:   500, Sample:160000, GPixel:2.81e-03, dT:0.0149, rT:7.2201
22-09-12 11:52:46.731 : /workspace/static/MuLUT-PreRelease/models/sr_x2sdy | Iter:   600, Sample:192000, GPixel:2.83e-03, dT:0.0149, rT:7.0423
22-09-12 12:04:58.289 : /workspace/static/MuLUT-PreRelease/models/sr_x2sdy | Iter:   700, Sample:224000, GPixel:2.87e-03, dT:0.0149, rT:7.0501
22-09-12 12:17:09.549 : /workspace/static/MuLUT-PreRelease/models/sr_x2sdy | Iter:   800, Sample:256000, GPixel:2.85e-03, dT:0.0148, rT:7.0476
22-09-12 12:29:27.071 : /workspace/static/MuLUT-PreRelease/models/sr_x2sdy | Iter:   900, Sample:288000, GPixel:2.83e-03, dT:0.0148, rT:7.1072
22-09-12 12:41:39.084 : /workspace/static/MuLUT-PreRelease/models/sr_x2sdy | Iter:  1000, Sample:320000, GPixel:2.83e-03, dT:0.0151, rT:7.0517
22-09-12 12:53:55.018 : /workspace/static/MuLUT-PreRelease/models/sr_x2sdy | Iter:  1100, Sample:352000, GPixel:2.85e-03, dT:0.0149, rT:7.0921
22-09-12 13:06:05.031 : /workspace/static/MuLUT-PreRelease/models/sr_x2sdy | Iter:  1200, Sample:384000, GPixel:2.85e-03, dT:0.0149, rT:7.0334
22-09-12 13:18:23.015 : /workspace/static/MuLUT-PreRelease/models/sr_x2sdy | Iter:  1300, Sample:416000, GPixel:2.80e-03, dT:0.0150, rT:7.1087
22-09-12 13:30:32.481 : /workspace/static/MuLUT-PreRelease/models/sr_x2sdy | Iter:  1400, Sample:448000, GPixel:2.82e-03, dT:0.0150, rT:7.0308
22-09-12 13:42:37.699 : /workspace/static/MuLUT-PreRelease/models/sr_x2sdy | Iter:  1500, Sample:480000, GPixel:2.80e-03, dT:0.0148, rT:6.9895
22-09-12 13:54:41.237 : /workspace/static/MuLUT-PreRelease/models/sr_x2sdy | Iter:  1600, Sample:512000, GPixel:2.82e-03, dT:0.0149, rT:6.9717
22-09-12 14:06:45.552 : /workspace/static/MuLUT-PreRelease/models/sr_x2sdy | Iter:  1700, Sample:544000, GPixel:2.83e-03, dT:0.0148, rT:6.9791
22-09-12 14:19:19.142 : /workspace/static/MuLUT-PreRelease/models/sr_x2sdy | Iter:  1800, Sample:576000, GPixel:2.83e-03, dT:0.0150, rT:7.2560
22-09-12 14:31:28.942 : /workspace/static/MuLUT-PreRelease/models/sr_x2sdy | Iter:  1900, Sample:608000, GPixel:2.84e-03, dT:0.0150, rT:7.0290
22-09-12 14:43:33.883 : /workspace/static/MuLUT-PreRelease/models/sr_x2sdy | Iter:  2000, Sample:640000, GPixel:2.84e-03, dT:0.0148, rT:6.9858
22-09-12 14:43:35.725 : Iter 2000 | Dataset Set5 | AVG PSNR: 30.60, AVG: SSIM: 0.8653
22-09-12 14:43:42.389 : Iter 2000 | Dataset Set14 | AVG PSNR: 27.60, AVG: SSIM: 0.7541
22-09-12 14:44:22.913 : Iter 2000 | Dataset B100 | AVG PSNR: 26.86, AVG: SSIM: 0.7111
22-09-12 14:45:59.454 : Iter 2000 | Dataset Urban100 | AVG PSNR: 24.45, AVG: SSIM: 0.7193
22-09-12 14:48:02.405 : Iter 2000 | Dataset Manga109 | AVG PSNR: 27.91, AVG: SSIM: 0.8634
22-09-12 15:00:18.179 : /workspace/static/MuLUT-PreRelease/models/sr_x2sdy | Iter:  2100, Sample:672000, GPixel:2.81e-03, dT:0.0149, rT:7.0879
22-09-12 15:12:32.267 : /workspace/static/MuLUT-PreRelease/models/sr_x2sdy | Iter:  2200, Sample:704000, GPixel:2.86e-03, dT:0.0148, rT:7.0682
22-09-12 15:24:39.274 : /workspace/static/MuLUT-PreRelease/models/sr_x2sdy | Iter:  2300, Sample:736000, GPixel:2.81e-03, dT:0.0150, rT:7.0028
22-09-12 15:36:43.142 : /workspace/static/MuLUT-PreRelease/models/sr_x2sdy | Iter:  2400, Sample:768000, GPixel:2.84e-03, dT:0.0150, rT:6.9748
22-09-12 15:48:38.549 : /workspace/static/MuLUT-PreRelease/models/sr_x2sdy | Iter:  2500, Sample:800000, GPixel:2.82e-03, dT:0.0150, rT:6.8940
22-09-12 16:00:48.580 : /workspace/static/MuLUT-PreRelease/models/sr_x2sdy | Iter:  2600, Sample:832000, GPixel:2.86e-03, dT:0.0149, rT:7.0353
22-09-12 16:12:57.358 : /workspace/static/MuLUT-PreRelease/models/sr_x2sdy | Iter:  2700, Sample:864000, GPixel:2.84e-03, dT:0.0149, rT:7.0163
22-09-12 16:25:00.528 : /workspace/static/MuLUT-PreRelease/models/sr_x2sdy | Iter:  2800, Sample:896000, GPixel:2.85e-03, dT:0.0149, rT:6.9667
22-09-12 16:37:02.820 : /workspace/static/MuLUT-PreRelease/models/sr_x2sdy | Iter:  2900, Sample:928000, GPixel:2.84e-03, dT:0.0149, rT:6.9603
22-09-12 16:49:10.250 : /workspace/static/MuLUT-PreRelease/models/sr_x2sdy | Iter:  3000, Sample:960000, GPixel:2.83e-03, dT:0.0150, rT:7.0080
22-09-12 17:01:07.465 : /workspace/static/MuLUT-PreRelease/models/sr_x2sdy | Iter:  3100, Sample:992000, GPixel:2.81e-03, dT:0.0148, rT:6.9107
22-09-12 17:13:11.295 : /workspace/static/MuLUT-PreRelease/models/sr_x2sdy | Iter:  3200, Sample:1024000, GPixel:2.83e-03, dT:0.0149, rT:6.9733
22-09-12 17:25:10.049 : /workspace/static/MuLUT-PreRelease/models/sr_x2sdy | Iter:  3300, Sample:1056000, GPixel:2.85e-03, dT:0.0149, rT:6.9262
22-09-12 17:37:07.841 : /workspace/static/MuLUT-PreRelease/models/sr_x2sdy | Iter:  3400, Sample:1088000, GPixel:2.85e-03, dT:0.0150, rT:6.9145
22-09-12 17:49:11.349 : /workspace/static/MuLUT-PreRelease/models/sr_x2sdy | Iter:  3500, Sample:1120000, GPixel:2.80e-03, dT:0.0150, rT:6.9706
22-09-12 18:01:26.285 : /workspace/static/MuLUT-PreRelease/models/sr_x2sdy | Iter:  3600, Sample:1152000, GPixel:2.83e-03, dT:0.0149, rT:7.0774
22-09-12 18:13:30.984 : /workspace/static/MuLUT-PreRelease/models/sr_x2sdy | Iter:  3700, Sample:1184000, GPixel:2.80e-03, dT:0.0149, rT:6.9839
22-09-12 18:25:32.956 : /workspace/static/MuLUT-PreRelease/models/sr_x2sdy | Iter:  3800, Sample:1216000, GPixel:2.82e-03, dT:0.0149, rT:6.9557
22-09-12 18:37:43.512 : /workspace/static/MuLUT-PreRelease/models/sr_x2sdy | Iter:  3900, Sample:1248000, GPixel:2.83e-03, dT:0.0149, rT:7.0342
22-09-12 18:49:51.135 : /workspace/static/MuLUT-PreRelease/models/sr_x2sdy | Iter:  4000, Sample:1280000, GPixel:2.83e-03, dT:0.0149, rT:7.0078
22-09-12 18:49:52.965 : Iter 4000 | Dataset Set5 | AVG PSNR: 30.60, AVG: SSIM: 0.8653
22-09-12 18:49:59.565 : Iter 4000 | Dataset Set14 | AVG PSNR: 27.60, AVG: SSIM: 0.7541
22-09-12 18:50:39.754 : Iter 4000 | Dataset B100 | AVG PSNR: 26.86, AVG: SSIM: 0.7110
22-09-12 18:52:16.625 : Iter 4000 | Dataset Urban100 | AVG PSNR: 24.46, AVG: SSIM: 0.7193
22-09-12 18:54:18.951 : Iter 4000 | Dataset Manga109 | AVG PSNR: 27.91, AVG: SSIM: 0.8635
22-09-12 18:54:18.978 : Finetuned LUT saved to /workspace/static/MuLUT-PreRelease/models/sr_x2sdy
22-09-12 18:54:18.978 : Complete
